[ 2016-11-01T19:33:26+08:00 ] 127.0.0.1 /
INFO: [ app_init ] --START--
INFO: Run Behavior\BuildLiteBehavior [ RunTime:0.000060s ]
INFO: [ app_init ] --END-- [ RunTime:0.123350s ]
INFO: [ app_begin ] --START--
INFO: Run Behavior\ReadHtmlCacheBehavior [ RunTime:0.023552s ]
INFO: [ app_begin ] --END-- [ RunTime:0.023743s ]
INFO: [ view_parse ] --START--
INFO: [ template_filter ] --START--
INFO: Run Behavior\ContentReplaceBehavior [ RunTime:0.084315s ]
INFO: [ template_filter ] --END-- [ RunTime:0.084507s ]
INFO: Run Behavior\ParseTemplateBehavior [ RunTime:0.237330s ]
INFO: [ view_parse ] --END-- [ RunTime:0.237545s ]
INFO: [ view_filter ] --START--
INFO: Run Behavior\WriteHtmlCacheBehavior [ RunTime:0.058324s ]
INFO: [ view_filter ] --END-- [ RunTime:0.058667s ]

[ 2016-11-01T19:33:28+08:00 ] 127.0.0.1 /index.php/Home/Index/verify.html
INFO: [ app_init ] --START--
INFO: Run Behavior\BuildLiteBehavior [ RunTime:0.000038s ]
INFO: [ app_init ] --END-- [ RunTime:0.001311s ]
INFO: [ app_begin ] --START--
INFO: Run Behavior\ReadHtmlCacheBehavior [ RunTime:0.005788s ]
INFO: [ app_begin ] --END-- [ RunTime:0.005982s ]
INFO: [ app_end ] --START--
INFO: Run Behavior\ShowPageTraceBehavior [ RunTime:0.030651s ]
INFO: [ app_end ] --END-- [ RunTime:0.031319s ]

[ 2016-11-01T19:33:37+08:00 ] 127.0.0.1 /
INFO: [ app_init ] --START--
INFO: Run Behavior\BuildLiteBehavior [ RunTime:0.000049s ]
INFO: [ app_init ] --END-- [ RunTime:0.001847s ]
INFO: [ app_begin ] --START--
INFO: Run Behavior\ReadHtmlCacheBehavior [ RunTime:0.001944s ]
INFO: [ app_begin ] --END-- [ RunTime:0.002131s ]
SQL: SHOW COLUMNS FROM `admin` [ RunTime:0.0761s ]
SQL: SELECT * FROM `admin` WHERE `name` = 'admin' AND `password` = 'admin' LIMIT 1   [ RunTime:0.0047s ]
INFO: [ view_parse ] --START--
INFO: [ template_filter ] --START--
INFO: Run Behavior\ContentReplaceBehavior [ RunTime:0.000186s ]
INFO: [ template_filter ] --END-- [ RunTime:0.000444s ]
INFO: Run Behavior\ParseTemplateBehavior [ RunTime:0.045553s ]
INFO: [ view_parse ] --END-- [ RunTime:0.045718s ]
INFO: [ view_filter ] --START--
INFO: Run Behavior\WriteHtmlCacheBehavior [ RunTime:0.000715s ]
INFO: [ view_filter ] --END-- [ RunTime:0.000853s ]
INFO: [ app_end ] --START--
INFO: Run Behavior\ShowPageTraceBehavior [ RunTime:0.002369s ]
INFO: [ app_end ] --END-- [ RunTime:0.002597s ]

[ 2016-11-01T19:34:02+08:00 ] 127.0.0.1 /index.php?m=home&c=admin&a=teacher&_=1478000017701
INFO: [ app_init ] --START--
INFO: Run Behavior\BuildLiteBehavior [ RunTime:0.000023s ]
INFO: [ app_init ] --END-- [ RunTime:0.000752s ]
INFO: [ app_begin ] --START--
INFO: Run Behavior\ReadHtmlCacheBehavior [ RunTime:0.000981s ]
INFO: [ app_begin ] --END-- [ RunTime:0.001054s ]
INFO: [ view_parse ] --START--
INFO: [ template_filter ] --START--
INFO: Run Behavior\ContentReplaceBehavior [ RunTime:0.023681s ]
INFO: [ template_filter ] --END-- [ RunTime:0.023817s ]
INFO: Run Behavior\ParseTemplateBehavior [ RunTime:0.127735s ]
INFO: [ view_parse ] --END-- [ RunTime:0.127888s ]
INFO: [ view_filter ] --START--
INFO: Run Behavior\WriteHtmlCacheBehavior [ RunTime:0.000759s ]
INFO: [ view_filter ] --END-- [ RunTime:0.000824s ]
INFO: [ app_end ] --START--
INFO: Run Behavior\ShowPageTraceBehavior [ RunTime:0.001438s ]
INFO: [ app_end ] --END-- [ RunTime:0.001563s ]

[ 2016-11-01T19:34:03+08:00 ] 127.0.0.1 /index.php/Home/Admin/readallteacher.html
INFO: [ app_init ] --START--
INFO: Run Behavior\BuildLiteBehavior [ RunTime:0.000026s ]
INFO: [ app_init ] --END-- [ RunTime:0.000936s ]
INFO: [ app_begin ] --START--
INFO: Run Behavior\ReadHtmlCacheBehavior [ RunTime:0.001806s ]
INFO: [ app_begin ] --END-- [ RunTime:0.001952s ]
SQL: SHOW COLUMNS FROM `teacher` [ RunTime:0.0785s ]
NOTIC: [8] Undefined variable: condition E:\vagrant\www\education\Application\Home\Controller\AdminController.class.php 第 38 行.
SQL: SELECT * FROM `teacher` ORDER BY teacher_no DESC LIMIT 0,10   [ RunTime:0.0057s ]
NOTIC: [8] Undefined variable: condition E:\vagrant\www\education\Application\Home\Controller\AdminController.class.php 第 41 行.
SQL: SELECT COUNT(*) AS tp_count FROM `teacher` LIMIT 1   [ RunTime:0.0024s ]
INFO: [ app_end ] --START--
INFO: Run Behavior\ShowPageTraceBehavior [ RunTime:0.001741s ]
INFO: [ app_end ] --END-- [ RunTime:0.001909s ]

[ 2016-11-01T19:55:10+08:00 ] 127.0.0.1 /index.php?m=home&c=admin&a=student&_=1478000017702
INFO: [ app_init ] --START--
INFO: Run Behavior\BuildLiteBehavior [ RunTime:0.000033s ]
INFO: [ app_init ] --END-- [ RunTime:0.001610s ]
INFO: [ app_begin ] --START--
INFO: Run Behavior\ReadHtmlCacheBehavior [ RunTime:0.004851s ]
INFO: [ app_begin ] --END-- [ RunTime:0.005021s ]
INFO: [ view_parse ] --START--
INFO: [ template_filter ] --START--
INFO: Run Behavior\ContentReplaceBehavior [ RunTime:0.000330s ]
INFO: [ template_filter ] --END-- [ RunTime:0.000472s ]
INFO: Run Behavior\ParseTemplateBehavior [ RunTime:0.027186s ]
INFO: [ view_parse ] --END-- [ RunTime:0.027348s ]
INFO: [ view_filter ] --START--
INFO: Run Behavior\WriteHtmlCacheBehavior [ RunTime:0.000943s ]
INFO: [ view_filter ] --END-- [ RunTime:0.001028s ]
INFO: [ app_end ] --START--
INFO: Run Behavior\ShowPageTraceBehavior [ RunTime:0.001772s ]
INFO: [ app_end ] --END-- [ RunTime:0.001898s ]

[ 2016-11-01T19:55:11+08:00 ] 127.0.0.1 /index.php/Home/Admin/readallstudent.html
INFO: [ app_init ] --START--
INFO: Run Behavior\BuildLiteBehavior [ RunTime:0.000022s ]
INFO: [ app_init ] --END-- [ RunTime:0.000741s ]
INFO: [ app_begin ] --START--
INFO: Run Behavior\ReadHtmlCacheBehavior [ RunTime:0.000980s ]
INFO: [ app_begin ] --END-- [ RunTime:0.001061s ]
SQL: SHOW COLUMNS FROM `student` [ RunTime:0.0553s ]
NOTIC: [8] Undefined variable: condition E:\vagrant\www\education\Application\Home\Controller\AdminController.class.php 第 142 行.
SQL: SELECT * FROM `student` ORDER BY student_name DESC LIMIT 0,10   [ RunTime:0.0025s ]
NOTIC: [8] Undefined variable: condition E:\vagrant\www\education\Application\Home\Controller\AdminController.class.php 第 145 行.
SQL: SELECT COUNT(*) AS tp_count FROM `student` LIMIT 1   [ RunTime:0.0024s ]
INFO: [ app_end ] --START--
INFO: Run Behavior\ShowPageTraceBehavior [ RunTime:0.001312s ]
INFO: [ app_end ] --END-- [ RunTime:0.001391s ]

[ 2016-11-01T20:04:52+08:00 ] 127.0.0.1 /
INFO: [ app_init ] --START--
INFO: Run Behavior\BuildLiteBehavior [ RunTime:0.000033s ]
INFO: [ app_init ] --END-- [ RunTime:0.001869s ]
INFO: [ app_begin ] --START--
INFO: Run Behavior\ReadHtmlCacheBehavior [ RunTime:0.002143s ]
INFO: [ app_begin ] --END-- [ RunTime:0.002605s ]
INFO: [ view_parse ] --START--
INFO: [ template_filter ] --START--
INFO: Run Behavior\ContentReplaceBehavior [ RunTime:0.000186s ]
INFO: [ template_filter ] --END-- [ RunTime:0.000356s ]
INFO: Run Behavior\ParseTemplateBehavior [ RunTime:0.018544s ]
INFO: [ view_parse ] --END-- [ RunTime:0.018776s ]
INFO: [ view_filter ] --START--
INFO: Run Behavior\WriteHtmlCacheBehavior [ RunTime:0.000842s ]
INFO: [ view_filter ] --END-- [ RunTime:0.000932s ]
INFO: [ app_end ] --START--
INFO: Run Behavior\ShowPageTraceBehavior [ RunTime:0.001443s ]
INFO: [ app_end ] --END-- [ RunTime:0.001537s ]

[ 2016-11-01T20:04:55+08:00 ] 127.0.0.1 /index.php?m=home&c=admin&a=pay_course&_=1478001892974
INFO: [ app_init ] --START--
INFO: Run Behavior\BuildLiteBehavior [ RunTime:0.000025s ]
INFO: [ app_init ] --END-- [ RunTime:0.000935s ]
INFO: [ app_begin ] --START--
INFO: Run Behavior\ReadHtmlCacheBehavior [ RunTime:0.001869s ]
INFO: [ app_begin ] --END-- [ RunTime:0.002045s ]
ERR: 非法操作:pay_course

[ 2016-11-01T20:04:56+08:00 ] 127.0.0.1 /index.php?m=home&c=admin&a=pay_course_select&_=1478001892975
INFO: [ app_init ] --START--
INFO: Run Behavior\BuildLiteBehavior [ RunTime:0.000028s ]
INFO: [ app_init ] --END-- [ RunTime:0.001339s ]
INFO: [ app_begin ] --START--
INFO: Run Behavior\ReadHtmlCacheBehavior [ RunTime:0.002521s ]
INFO: [ app_begin ] --END-- [ RunTime:0.003168s ]
ERR: 非法操作:pay_course_select

[ 2016-11-01T20:04:57+08:00 ] 127.0.0.1 /index.php?m=home&c=admin&a=pay_course&_=1478001892976
INFO: [ app_init ] --START--
INFO: Run Behavior\BuildLiteBehavior [ RunTime:0.000052s ]
INFO: [ app_init ] --END-- [ RunTime:0.002782s ]
INFO: [ app_begin ] --START--
INFO: Run Behavior\ReadHtmlCacheBehavior [ RunTime:0.004097s ]
INFO: [ app_begin ] --END-- [ RunTime:0.004260s ]
ERR: 非法操作:pay_course

[ 2016-11-01T20:04:58+08:00 ] 127.0.0.1 /index.php?m=home&c=admin&a=pay_course_select&_=1478001892977
INFO: [ app_init ] --START--
INFO: Run Behavior\BuildLiteBehavior [ RunTime:0.000028s ]
INFO: [ app_init ] --END-- [ RunTime:0.001237s ]
INFO: [ app_begin ] --START--
INFO: Run Behavior\ReadHtmlCacheBehavior [ RunTime:0.001287s ]
INFO: [ app_begin ] --END-- [ RunTime:0.001376s ]
ERR: 非法操作:pay_course_select

[ 2016-11-01T20:05:32+08:00 ] 127.0.0.1 /index.php?m=home&c=admin&a=pay_course_select&_=1478001892978
INFO: [ app_init ] --START--
INFO: Run Behavior\BuildLiteBehavior [ RunTime:0.000033s ]
INFO: [ app_init ] --END-- [ RunTime:0.001636s ]
INFO: [ app_begin ] --START--
INFO: Run Behavior\ReadHtmlCacheBehavior [ RunTime:0.001244s ]
INFO: [ app_begin ] --END-- [ RunTime:0.001337s ]
ERR: 非法操作:pay_course_select

[ 2016-11-01T20:05:32+08:00 ] 127.0.0.1 /index.php?m=home&c=admin&a=pay_course&_=1478001892979
INFO: [ app_init ] --START--
INFO: Run Behavior\BuildLiteBehavior [ RunTime:0.000039s ]
INFO: [ app_init ] --END-- [ RunTime:0.001298s ]
INFO: [ app_begin ] --START--
INFO: Run Behavior\ReadHtmlCacheBehavior [ RunTime:0.001229s ]
INFO: [ app_begin ] --END-- [ RunTime:0.001320s ]
ERR: 非法操作:pay_course

[ 2016-11-01T20:10:13+08:00 ] 127.0.0.1 /index.php?m=home&c=admin&a=teacher&_=1478001892980
INFO: [ app_init ] --START--
INFO: Run Behavior\BuildLiteBehavior [ RunTime:0.000036s ]
INFO: [ app_init ] --END-- [ RunTime:0.001578s ]
INFO: [ app_begin ] --START--
INFO: Run Behavior\ReadHtmlCacheBehavior [ RunTime:0.001434s ]
INFO: [ app_begin ] --END-- [ RunTime:0.001533s ]
INFO: [ view_parse ] --START--
INFO: [ template_filter ] --START--
INFO: Run Behavior\ContentReplaceBehavior [ RunTime:0.000336s ]
INFO: [ template_filter ] --END-- [ RunTime:0.000459s ]
INFO: Run Behavior\ParseTemplateBehavior [ RunTime:0.024928s ]
INFO: [ view_parse ] --END-- [ RunTime:0.025058s ]
INFO: [ view_filter ] --START--
INFO: Run Behavior\WriteHtmlCacheBehavior [ RunTime:0.000862s ]
INFO: [ view_filter ] --END-- [ RunTime:0.000936s ]
INFO: [ app_end ] --START--
INFO: Run Behavior\ShowPageTraceBehavior [ RunTime:0.002271s ]
INFO: [ app_end ] --END-- [ RunTime:0.002485s ]

[ 2016-11-01T20:10:13+08:00 ] 127.0.0.1 /index.php/Home/Admin/readallteacher.html
INFO: [ app_init ] --START--
INFO: Run Behavior\BuildLiteBehavior [ RunTime:0.000033s ]
INFO: [ app_init ] --END-- [ RunTime:0.001783s ]
INFO: [ app_begin ] --START--
INFO: Run Behavior\ReadHtmlCacheBehavior [ RunTime:0.001976s ]
INFO: [ app_begin ] --END-- [ RunTime:0.002141s ]
SQL: SHOW COLUMNS FROM `teacher` [ RunTime:0.0176s ]
NOTIC: [8] Undefined variable: condition E:\vagrant\www\education\Application\Home\Controller\AdminController.class.php 第 38 行.
SQL: SELECT * FROM `teacher` ORDER BY teacher_no DESC LIMIT 0,10   [ RunTime:0.0046s ]
NOTIC: [8] Undefined variable: condition E:\vagrant\www\education\Application\Home\Controller\AdminController.class.php 第 41 行.
SQL: SELECT COUNT(*) AS tp_count FROM `teacher` LIMIT 1   [ RunTime:0.0030s ]
INFO: [ app_end ] --START--
INFO: Run Behavior\ShowPageTraceBehavior [ RunTime:0.003920s ]
INFO: [ app_end ] --END-- [ RunTime:0.004210s ]

[ 2016-11-01T20:11:08+08:00 ] 127.0.0.1 /
INFO: [ app_init ] --START--
INFO: Run Behavior\BuildLiteBehavior [ RunTime:0.000045s ]
INFO: [ app_init ] --END-- [ RunTime:0.002447s ]
INFO: [ app_begin ] --START--
INFO: Run Behavior\ReadHtmlCacheBehavior [ RunTime:0.001577s ]
INFO: [ app_begin ] --END-- [ RunTime:0.001748s ]
INFO: [ view_parse ] --START--
INFO: [ template_filter ] --START--
INFO: Run Behavior\ContentReplaceBehavior [ RunTime:0.000188s ]
INFO: [ template_filter ] --END-- [ RunTime:0.000352s ]
INFO: Run Behavior\ParseTemplateBehavior [ RunTime:0.018392s ]
INFO: [ view_parse ] --END-- [ RunTime:0.018558s ]
INFO: [ view_filter ] --START--
INFO: Run Behavior\WriteHtmlCacheBehavior [ RunTime:0.000641s ]
INFO: [ view_filter ] --END-- [ RunTime:0.000731s ]
INFO: [ app_end ] --START--
INFO: Run Behavior\ShowPageTraceBehavior [ RunTime:0.004035s ]
INFO: [ app_end ] --END-- [ RunTime:0.004185s ]

[ 2016-11-01T20:11:11+08:00 ] 127.0.0.1 /index.php?m=home&c=admin&a=teacher&_=1478002269153
INFO: [ app_init ] --START--
INFO: Run Behavior\BuildLiteBehavior [ RunTime:0.000037s ]
INFO: [ app_init ] --END-- [ RunTime:0.002628s ]
INFO: [ app_begin ] --START--
INFO: Run Behavior\ReadHtmlCacheBehavior [ RunTime:0.008820s ]
INFO: [ app_begin ] --END-- [ RunTime:0.008974s ]
INFO: [ view_parse ] --START--
INFO: [ template_filter ] --START--
INFO: Run Behavior\ContentReplaceBehavior [ RunTime:0.000341s ]
INFO: [ template_filter ] --END-- [ RunTime:0.000464s ]
INFO: Run Behavior\ParseTemplateBehavior [ RunTime:0.023250s ]
INFO: [ view_parse ] --END-- [ RunTime:0.023391s ]
INFO: [ view_filter ] --START--
INFO: Run Behavior\WriteHtmlCacheBehavior [ RunTime:0.000911s ]
INFO: [ view_filter ] --END-- [ RunTime:0.000992s ]
INFO: [ app_end ] --START--
INFO: Run Behavior\ShowPageTraceBehavior [ RunTime:0.005611s ]
INFO: [ app_end ] --END-- [ RunTime:0.006657s ]

[ 2016-11-01T20:11:11+08:00 ] 127.0.0.1 /index.php/Home/Admin/readallteacher.html
INFO: [ app_init ] --START--
INFO: Run Behavior\BuildLiteBehavior [ RunTime:0.000022s ]
INFO: [ app_init ] --END-- [ RunTime:0.000750s ]
INFO: [ app_begin ] --START--
INFO: Run Behavior\ReadHtmlCacheBehavior [ RunTime:0.000969s ]
INFO: [ app_begin ] --END-- [ RunTime:0.001047s ]
SQL: SHOW COLUMNS FROM `teacher` [ RunTime:0.0151s ]
SQL: SELECT * FROM `teacher` WHERE `extend` = 0 ORDER BY teacher_no DESC LIMIT 0,10   [ RunTime:0.0019s ]
SQL: SELECT COUNT(*) AS tp_count FROM `teacher` WHERE `extend` = 0 LIMIT 1   [ RunTime:0.0020s ]
INFO: [ app_end ] --START--
INFO: Run Behavior\ShowPageTraceBehavior [ RunTime:0.001335s ]
INFO: [ app_end ] --END-- [ RunTime:0.001420s ]

[ 2016-11-01T20:21:05+08:00 ] 127.0.0.1 /index.php/Home/Admin/readallteacher.html
INFO: [ app_init ] --START--
INFO: Run Behavior\BuildLiteBehavior [ RunTime:0.000027s ]
INFO: [ app_init ] --END-- [ RunTime:0.001082s ]
INFO: [ app_begin ] --START--
INFO: Run Behavior\ReadHtmlCacheBehavior [ RunTime:0.001731s ]
INFO: [ app_begin ] --END-- [ RunTime:0.001898s ]
SQL: SHOW COLUMNS FROM `teacher` [ RunTime:0.0169s ]
SQL: SELECT * FROM `teacher` WHERE `extend` = 0 ORDER BY teacher_no DESC LIMIT 0,20   [ RunTime:0.0031s ]
SQL: SELECT COUNT(*) AS tp_count FROM `teacher` WHERE `extend` = 0 LIMIT 1   [ RunTime:0.0021s ]
INFO: [ app_end ] --START--
INFO: Run Behavior\ShowPageTraceBehavior [ RunTime:0.002050s ]
INFO: [ app_end ] --END-- [ RunTime:0.002202s ]

[ 2016-11-01T20:21:07+08:00 ] 127.0.0.1 /index.php/Home/Admin/readallteacher.html
INFO: [ app_init ] --START--
INFO: Run Behavior\BuildLiteBehavior [ RunTime:0.000035s ]
INFO: [ app_init ] --END-- [ RunTime:0.009030s ]
INFO: [ app_begin ] --START--
INFO: Run Behavior\ReadHtmlCacheBehavior [ RunTime:0.001411s ]
INFO: [ app_begin ] --END-- [ RunTime:0.001537s ]
SQL: SHOW COLUMNS FROM `teacher` [ RunTime:0.0174s ]
SQL: SELECT * FROM `teacher` WHERE `extend` = 0 ORDER BY teacher_no DESC LIMIT 0,30   [ RunTime:0.0025s ]
SQL: SELECT COUNT(*) AS tp_count FROM `teacher` WHERE `extend` = 0 LIMIT 1   [ RunTime:0.0019s ]
INFO: [ app_end ] --START--
INFO: Run Behavior\ShowPageTraceBehavior [ RunTime:0.001593s ]
INFO: [ app_end ] --END-- [ RunTime:0.001694s ]

[ 2016-11-01T20:21:09+08:00 ] 127.0.0.1 /index.php/Home/Admin/readallteacher.html
INFO: [ app_init ] --START--
INFO: Run Behavior\BuildLiteBehavior [ RunTime:0.000035s ]
INFO: [ app_init ] --END-- [ RunTime:0.002452s ]
INFO: [ app_begin ] --START--
INFO: Run Behavior\ReadHtmlCacheBehavior [ RunTime:0.001721s ]
INFO: [ app_begin ] --END-- [ RunTime:0.001873s ]
SQL: SHOW COLUMNS FROM `teacher` [ RunTime:0.0148s ]
SQL: SELECT * FROM `teacher` WHERE `extend` = 0 ORDER BY teacher_no DESC LIMIT 0,10   [ RunTime:0.0032s ]
SQL: SELECT COUNT(*) AS tp_count FROM `teacher` WHERE `extend` = 0 LIMIT 1   [ RunTime:0.0014s ]
INFO: [ app_end ] --START--
INFO: Run Behavior\ShowPageTraceBehavior [ RunTime:0.001618s ]
INFO: [ app_end ] --END-- [ RunTime:0.001713s ]

[ 2016-11-01T20:28:11+08:00 ] 127.0.0.1 /index.php?m=home&c=admin&a=pay_course&_=1478002269154
INFO: [ app_init ] --START--
INFO: Run Behavior\BuildLiteBehavior [ RunTime:0.000028s ]
INFO: [ app_init ] --END-- [ RunTime:0.001145s ]
INFO: [ app_begin ] --START--
INFO: Run Behavior\ReadHtmlCacheBehavior [ RunTime:0.001362s ]
INFO: [ app_begin ] --END-- [ RunTime:0.001454s ]
ERR: 非法操作:pay_course

[ 2016-11-01T20:28:39+08:00 ] 127.0.0.1 /index.php?m=home&c=admin&a=student&_=1478002269155
INFO: [ app_init ] --START--
INFO: Run Behavior\BuildLiteBehavior [ RunTime:0.000257s ]
INFO: [ app_init ] --END-- [ RunTime:0.002029s ]
INFO: [ app_begin ] --START--
INFO: Run Behavior\ReadHtmlCacheBehavior [ RunTime:0.004766s ]
INFO: [ app_begin ] --END-- [ RunTime:0.004914s ]
INFO: [ view_parse ] --START--
INFO: [ template_filter ] --START--
INFO: Run Behavior\ContentReplaceBehavior [ RunTime:0.000317s ]
INFO: [ template_filter ] --END-- [ RunTime:0.001682s ]
INFO: Run Behavior\ParseTemplateBehavior [ RunTime:0.029948s ]
INFO: [ view_parse ] --END-- [ RunTime:0.030146s ]
INFO: [ view_filter ] --START--
INFO: Run Behavior\WriteHtmlCacheBehavior [ RunTime:0.001432s ]
INFO: [ view_filter ] --END-- [ RunTime:0.001572s ]
INFO: [ app_end ] --START--
INFO: Run Behavior\ShowPageTraceBehavior [ RunTime:0.003501s ]
INFO: [ app_end ] --END-- [ RunTime:0.003866s ]

[ 2016-11-01T20:28:39+08:00 ] 127.0.0.1 /index.php/Home/Admin/readallstudent.html
INFO: [ app_init ] --START--
INFO: Run Behavior\BuildLiteBehavior [ RunTime:0.000039s ]
INFO: [ app_init ] --END-- [ RunTime:0.001845s ]
INFO: [ app_begin ] --START--
INFO: Run Behavior\ReadHtmlCacheBehavior [ RunTime:0.001635s ]
INFO: [ app_begin ] --END-- [ RunTime:0.001787s ]
SQL: SHOW COLUMNS FROM `student` [ RunTime:0.0186s ]
NOTIC: [8] Undefined variable: condition E:\vagrant\www\education\Application\Home\Controller\AdminController.class.php 第 143 行.
SQL: SELECT * FROM `student` ORDER BY student_name DESC LIMIT 0,10   [ RunTime:0.0021s ]
NOTIC: [8] Undefined variable: condition E:\vagrant\www\education\Application\Home\Controller\AdminController.class.php 第 146 行.
SQL: SELECT COUNT(*) AS tp_count FROM `student` LIMIT 1   [ RunTime:0.0014s ]
INFO: [ app_end ] --START--
INFO: Run Behavior\ShowPageTraceBehavior [ RunTime:0.002674s ]
INFO: [ app_end ] --END-- [ RunTime:0.002815s ]

[ 2016-11-01T20:28:58+08:00 ] 127.0.0.1 /index.php/Home/Admin/addstudent_info.html
INFO: [ app_init ] --START--
INFO: Run Behavior\BuildLiteBehavior [ RunTime:0.000038s ]
INFO: [ app_init ] --END-- [ RunTime:0.001265s ]
INFO: [ app_begin ] --START--
INFO: Run Behavior\ReadHtmlCacheBehavior [ RunTime:0.002244s ]
INFO: [ app_begin ] --END-- [ RunTime:0.002414s ]
SQL: SHOW COLUMNS FROM `student` [ RunTime:0.0233s ]
SQL: INSERT INTO `student` (`student_birthday`,`student_tel`,`student_name`,`student_remark`,`student_sex`) VALUES ('2016-11-10','12312312','13213','12312312','男') [ RunTime:0.0747s ]
INFO: [ app_end ] --START--
INFO: Run Behavior\ShowPageTraceBehavior [ RunTime:0.001357s ]
INFO: [ app_end ] --END-- [ RunTime:0.001453s ]

[ 2016-11-01T20:28:58+08:00 ] 127.0.0.1 /index.php/Home/Admin/readallstudent.html
INFO: [ app_init ] --START--
INFO: Run Behavior\BuildLiteBehavior [ RunTime:0.000021s ]
INFO: [ app_init ] --END-- [ RunTime:0.000764s ]
INFO: [ app_begin ] --START--
INFO: Run Behavior\ReadHtmlCacheBehavior [ RunTime:0.000975s ]
INFO: [ app_begin ] --END-- [ RunTime:0.001052s ]
SQL: SHOW COLUMNS FROM `student` [ RunTime:0.0217s ]
NOTIC: [8] Undefined variable: condition E:\vagrant\www\education\Application\Home\Controller\AdminController.class.php 第 143 行.
SQL: SELECT * FROM `student` ORDER BY student_name DESC LIMIT 0,10   [ RunTime:0.0022s ]
NOTIC: [8] Undefined variable: condition E:\vagrant\www\education\Application\Home\Controller\AdminController.class.php 第 146 行.
SQL: SELECT COUNT(*) AS tp_count FROM `student` LIMIT 1   [ RunTime:0.0020s ]
INFO: [ app_end ] --START--
INFO: Run Behavior\ShowPageTraceBehavior [ RunTime:0.001417s ]
INFO: [ app_end ] --END-- [ RunTime:0.001504s ]

[ 2016-11-01T20:29:05+08:00 ] 127.0.0.1 /index.php?m=home&c=admin&a=pay_course&_=1478002269156
INFO: [ app_init ] --START--
INFO: Run Behavior\BuildLiteBehavior [ RunTime:0.000108s ]
INFO: [ app_init ] --END-- [ RunTime:0.002299s ]
INFO: [ app_begin ] --START--
INFO: Run Behavior\ReadHtmlCacheBehavior [ RunTime:0.001313s ]
INFO: [ app_begin ] --END-- [ RunTime:0.001424s ]
ERR: 非法操作:pay_course

