[ 2016-10-29T11:12:18+08:00 ] ::1 /education/
INFO: [ app_init ] --START--
INFO: Run Behavior\BuildLiteBehavior [ RunTime:0.000016s ]
INFO: [ app_init ] --END-- [ RunTime:0.011078s ]
INFO: [ app_begin ] --START--
INFO: Run Behavior\ReadHtmlCacheBehavior [ RunTime:0.016602s ]
INFO: [ app_begin ] --END-- [ RunTime:0.016664s ]
INFO: [ view_parse ] --START--
INFO: [ template_filter ] --START--
INFO: Run Behavior\ContentReplaceBehavior [ RunTime:0.000324s ]
INFO: [ template_filter ] --END-- [ RunTime:0.000571s ]
INFO: Run Behavior\ParseTemplateBehavior [ RunTime:0.232913s ]
INFO: [ view_parse ] --END-- [ RunTime:0.232963s ]
INFO: [ view_filter ] --START--
INFO: Run Behavior\WriteHtmlCacheBehavior [ RunTime:0.010108s ]
INFO: [ view_filter ] --END-- [ RunTime:0.010156s ]

[ 2016-10-29T11:12:21+08:00 ] ::1 /education/index.php/Home/Index/verify.html
INFO: [ app_init ] --START--
INFO: Run Behavior\BuildLiteBehavior [ RunTime:0.000018s ]
INFO: [ app_init ] --END-- [ RunTime:0.045902s ]
INFO: [ app_begin ] --START--
INFO: Run Behavior\ReadHtmlCacheBehavior [ RunTime:0.036925s ]
INFO: [ app_begin ] --END-- [ RunTime:0.036990s ]
INFO: [ app_end ] --START--
INFO: Run Behavior\ShowPageTraceBehavior [ RunTime:0.012371s ]
INFO: [ app_end ] --END-- [ RunTime:0.012470s ]

[ 2016-10-29T11:12:24+08:00 ] ::1 /education/index.php/Home/Index/verify.html?id=Sat%20Oct%2029%202016%2011:12:24%20GMT+0800
INFO: [ app_init ] --START--
INFO: Run Behavior\BuildLiteBehavior [ RunTime:0.000018s ]
INFO: [ app_init ] --END-- [ RunTime:0.000867s ]
INFO: [ app_begin ] --START--
INFO: Run Behavior\ReadHtmlCacheBehavior [ RunTime:0.013749s ]
INFO: [ app_begin ] --END-- [ RunTime:0.013808s ]
INFO: [ app_end ] --START--
INFO: Run Behavior\ShowPageTraceBehavior [ RunTime:0.000720s ]
INFO: [ app_end ] --END-- [ RunTime:0.000794s ]

[ 2016-10-29T11:12:30+08:00 ] ::1 /education/
INFO: [ app_init ] --START--
INFO: Run Behavior\BuildLiteBehavior [ RunTime:0.000016s ]
INFO: [ app_init ] --END-- [ RunTime:0.000520s ]
INFO: [ app_begin ] --START--
INFO: Run Behavior\ReadHtmlCacheBehavior [ RunTime:0.000721s ]
INFO: [ app_begin ] --END-- [ RunTime:0.000791s ]
SQL: SHOW COLUMNS FROM `admin` [ RunTime:0.1232s ]
SQL: SELECT * FROM `admin` WHERE `password` = '323232' LIMIT 1   [ RunTime:0.0021s ]
INFO: [ view_parse ] --START--
INFO: [ template_filter ] --START--
INFO: Run Behavior\ContentReplaceBehavior [ RunTime:0.000103s ]
INFO: [ template_filter ] --END-- [ RunTime:0.000177s ]
INFO: Run Behavior\ParseTemplateBehavior [ RunTime:0.074996s ]
INFO: [ view_parse ] --END-- [ RunTime:0.075046s ]
INFO: [ view_filter ] --START--
INFO: Run Behavior\WriteHtmlCacheBehavior [ RunTime:0.016287s ]
INFO: [ view_filter ] --END-- [ RunTime:0.016341s ]
INFO: [ app_end ] --START--
INFO: Run Behavior\ShowPageTraceBehavior [ RunTime:0.000686s ]
INFO: [ app_end ] --END-- [ RunTime:0.000729s ]

[ 2016-10-29T11:12:38+08:00 ] ::1 /education/index.php?m=home&c=admin&a=item&_=1477710751205
INFO: [ app_init ] --START--
INFO: Run Behavior\BuildLiteBehavior [ RunTime:0.000013s ]
INFO: [ app_init ] --END-- [ RunTime:0.000502s ]
INFO: [ app_begin ] --START--
INFO: Run Behavior\ReadHtmlCacheBehavior [ RunTime:0.000770s ]
INFO: [ app_begin ] --END-- [ RunTime:0.000837s ]
NOTIC: [8] Use of undefined constant session - assumed 'session' F:\phpStudy\WWW\education\Application\Home\Controller\AdminController.class.php 第 15 行.
NOTIC: [2] Illegal string offset 'user_name' F:\phpStudy\WWW\education\Application\Home\Controller\AdminController.class.php 第 15 行.
INFO: [ view_parse ] --START--
INFO: [ template_filter ] --START--
INFO: Run Behavior\ContentReplaceBehavior [ RunTime:0.000121s ]
INFO: [ template_filter ] --END-- [ RunTime:0.000171s ]
INFO: Run Behavior\ParseTemplateBehavior [ RunTime:0.051944s ]
INFO: [ view_parse ] --END-- [ RunTime:0.051997s ]
INFO: [ view_filter ] --START--
INFO: Run Behavior\WriteHtmlCacheBehavior [ RunTime:0.000303s ]
INFO: [ view_filter ] --END-- [ RunTime:0.000339s ]
INFO: [ app_end ] --START--
INFO: Run Behavior\ShowPageTraceBehavior [ RunTime:0.000710s ]
INFO: [ app_end ] --END-- [ RunTime:0.000757s ]

[ 2016-10-29T11:12:39+08:00 ] ::1 /education/index.php/Home/Admin/readallitem.html
INFO: [ app_init ] --START--
INFO: Run Behavior\BuildLiteBehavior [ RunTime:0.000015s ]
INFO: [ app_init ] --END-- [ RunTime:0.000544s ]
INFO: [ app_begin ] --START--
INFO: Run Behavior\ReadHtmlCacheBehavior [ RunTime:0.000736s ]
INFO: [ app_begin ] --END-- [ RunTime:0.000810s ]
SQL: SHOW COLUMNS FROM `items` [ RunTime:0.4694s ]
NOTIC: [8] Undefined variable: condition F:\phpStudy\WWW\education\Application\Home\Controller\AdminController.class.php 第 40 行.
SQL: SELECT * FROM `items` ORDER BY name DESC LIMIT 0,10   [ RunTime:0.0006s ]
NOTIC: [8] Undefined variable: condition F:\phpStudy\WWW\education\Application\Home\Controller\AdminController.class.php 第 43 行.
SQL: SELECT COUNT(*) AS tp_count FROM `items` LIMIT 1   [ RunTime:0.0147s ]
INFO: [ app_end ] --START--
INFO: Run Behavior\ShowPageTraceBehavior [ RunTime:0.000790s ]
INFO: [ app_end ] --END-- [ RunTime:0.000837s ]

[ 2016-10-29T11:12:53+08:00 ] ::1 /education/index.php/Home/Admin/additem_info.html
INFO: [ app_init ] --START--
INFO: Run Behavior\BuildLiteBehavior [ RunTime:0.000015s ]
INFO: [ app_init ] --END-- [ RunTime:0.000668s ]
INFO: [ app_begin ] --START--
INFO: Run Behavior\ReadHtmlCacheBehavior [ RunTime:0.014717s ]
INFO: [ app_begin ] --END-- [ RunTime:0.014790s ]
SQL: SHOW COLUMNS FROM `items` [ RunTime:0.0415s ]
SQL: INSERT INTO `items` (`name`,`times`,`price`) VALUES ('12','12','12') [ RunTime:0.1347s ]
INFO: [ app_end ] --START--
INFO: Run Behavior\ShowPageTraceBehavior [ RunTime:0.017821s ]
INFO: [ app_end ] --END-- [ RunTime:0.017911s ]

[ 2016-10-29T11:12:53+08:00 ] ::1 /education/index.php/Home/Admin/readallitem.html
INFO: [ app_init ] --START--
INFO: Run Behavior\BuildLiteBehavior [ RunTime:0.000011s ]
INFO: [ app_init ] --END-- [ RunTime:0.000393s ]
INFO: [ app_begin ] --START--
INFO: Run Behavior\ReadHtmlCacheBehavior [ RunTime:0.000513s ]
INFO: [ app_begin ] --END-- [ RunTime:0.000555s ]
SQL: SHOW COLUMNS FROM `items` [ RunTime:0.0092s ]
NOTIC: [8] Undefined variable: condition F:\phpStudy\WWW\education\Application\Home\Controller\AdminController.class.php 第 40 行.
SQL: SELECT * FROM `items` ORDER BY name DESC LIMIT 0,10   [ RunTime:0.0005s ]
NOTIC: [8] Undefined variable: condition F:\phpStudy\WWW\education\Application\Home\Controller\AdminController.class.php 第 43 行.
SQL: SELECT COUNT(*) AS tp_count FROM `items` LIMIT 1   [ RunTime:0.0002s ]
INFO: [ app_end ] --START--
INFO: Run Behavior\ShowPageTraceBehavior [ RunTime:0.000535s ]
INFO: [ app_end ] --END-- [ RunTime:0.000569s ]

[ 2016-10-29T11:12:57+08:00 ] ::1 /education/index.php/Home/Admin/readallitem.html
INFO: [ app_init ] --START--
INFO: Run Behavior\BuildLiteBehavior [ RunTime:0.000018s ]
INFO: [ app_init ] --END-- [ RunTime:0.000587s ]
INFO: [ app_begin ] --START--
INFO: Run Behavior\ReadHtmlCacheBehavior [ RunTime:0.000988s ]
INFO: [ app_begin ] --END-- [ RunTime:0.001060s ]
SQL: SHOW COLUMNS FROM `items` [ RunTime:0.0140s ]
ERR: 1054:Unknown column 'no' in 'where clause'
 [ SQL语句 ] : SELECT * FROM `items` WHERE ( `name` = '12' OR `no` = '12' ) ORDER BY name DESC LIMIT 0,10  
ERR: 1054:Unknown column 'no' in 'where clause'
 [ SQL语句 ] : SELECT * FROM `items` WHERE ( `name` = '12' OR `no` = '12' ) ORDER BY name DESC LIMIT 0,10  

[ 2016-10-29T11:13:11+08:00 ] ::1 /education/index.php/Home/Admin/updateitem_info.html
INFO: [ app_init ] --START--
INFO: Run Behavior\BuildLiteBehavior [ RunTime:0.000010s ]
INFO: [ app_init ] --END-- [ RunTime:0.000352s ]
INFO: [ app_begin ] --START--
INFO: Run Behavior\ReadHtmlCacheBehavior [ RunTime:0.000462s ]
INFO: [ app_begin ] --END-- [ RunTime:0.000513s ]
SQL: SHOW COLUMNS FROM `items` [ RunTime:0.0404s ]
SQL: UPDATE `items` SET `name`='122',`times`='122',`price`='122' WHERE `Id` = 22 [ RunTime:0.1079s ]
INFO: [ app_end ] --START--
INFO: Run Behavior\ShowPageTraceBehavior [ RunTime:0.000536s ]
INFO: [ app_end ] --END-- [ RunTime:0.000572s ]

[ 2016-10-29T11:13:11+08:00 ] ::1 /education/index.php/Home/Admin/readallitem.html
INFO: [ app_init ] --START--
INFO: Run Behavior\BuildLiteBehavior [ RunTime:0.000015s ]
INFO: [ app_init ] --END-- [ RunTime:0.000529s ]
INFO: [ app_begin ] --START--
INFO: Run Behavior\ReadHtmlCacheBehavior [ RunTime:0.000697s ]
INFO: [ app_begin ] --END-- [ RunTime:0.000764s ]
SQL: SHOW COLUMNS FROM `items` [ RunTime:0.0159s ]
ERR: 1054:Unknown column 'no' in 'where clause'
 [ SQL语句 ] : SELECT * FROM `items` WHERE ( `name` = '12' OR `no` = '12' ) ORDER BY name DESC LIMIT 0,10  
ERR: 1054:Unknown column 'no' in 'where clause'
 [ SQL语句 ] : SELECT * FROM `items` WHERE ( `name` = '12' OR `no` = '12' ) ORDER BY name DESC LIMIT 0,10  

[ 2016-10-29T11:13:14+08:00 ] ::1 /education/index.php/Home/Admin/readallitem.html
INFO: [ app_init ] --START--
INFO: Run Behavior\BuildLiteBehavior [ RunTime:0.000011s ]
INFO: [ app_init ] --END-- [ RunTime:0.000342s ]
INFO: [ app_begin ] --START--
INFO: Run Behavior\ReadHtmlCacheBehavior [ RunTime:0.000415s ]
INFO: [ app_begin ] --END-- [ RunTime:0.000450s ]
SQL: SHOW COLUMNS FROM `items` [ RunTime:0.1836s ]
ERR: 1054:Unknown column 'no' in 'where clause'
 [ SQL语句 ] : SELECT * FROM `items` WHERE ( `name` = '122' OR `no` = '122' ) ORDER BY name DESC LIMIT 0,10  
ERR: 1054:Unknown column 'no' in 'where clause'
 [ SQL语句 ] : SELECT * FROM `items` WHERE ( `name` = '122' OR `no` = '122' ) ORDER BY name DESC LIMIT 0,10  

[ 2016-10-29T11:13:18+08:00 ] ::1 /education/
INFO: [ app_init ] --START--
INFO: Run Behavior\BuildLiteBehavior [ RunTime:0.000015s ]
INFO: [ app_init ] --END-- [ RunTime:0.000490s ]
INFO: [ app_begin ] --START--
INFO: Run Behavior\ReadHtmlCacheBehavior [ RunTime:0.000659s ]
INFO: [ app_begin ] --END-- [ RunTime:0.000716s ]
INFO: [ view_parse ] --START--
INFO: [ template_filter ] --START--
INFO: Run Behavior\ContentReplaceBehavior [ RunTime:0.000061s ]
INFO: [ template_filter ] --END-- [ RunTime:0.000104s ]
INFO: Run Behavior\ParseTemplateBehavior [ RunTime:0.045405s ]
INFO: [ view_parse ] --END-- [ RunTime:0.045464s ]
INFO: [ view_filter ] --START--
INFO: Run Behavior\WriteHtmlCacheBehavior [ RunTime:0.012173s ]
INFO: [ view_filter ] --END-- [ RunTime:0.012221s ]
INFO: [ app_end ] --START--
INFO: Run Behavior\ShowPageTraceBehavior [ RunTime:0.000480s ]
INFO: [ app_end ] --END-- [ RunTime:0.000512s ]

[ 2016-10-29T11:13:25+08:00 ] ::1 /education/index.php/Home/Admin/deleteitem_info.html
INFO: [ app_init ] --START--
INFO: Run Behavior\BuildLiteBehavior [ RunTime:0.000015s ]
INFO: [ app_init ] --END-- [ RunTime:0.000426s ]
INFO: [ app_begin ] --START--
INFO: Run Behavior\ReadHtmlCacheBehavior [ RunTime:0.001622s ]
INFO: [ app_begin ] --END-- [ RunTime:0.001866s ]
SQL: SHOW COLUMNS FROM `items` [ RunTime:0.0155s ]
SQL: DELETE FROM `items` WHERE `Id` IN ('22') [ RunTime:0.1160s ]
INFO: [ app_end ] --START--
INFO: Run Behavior\ShowPageTraceBehavior [ RunTime:0.000678s ]
INFO: [ app_end ] --END-- [ RunTime:0.000722s ]

[ 2016-10-29T11:13:25+08:00 ] ::1 /education/index.php/Home/Admin/readallitem.html
INFO: [ app_init ] --START--
INFO: Run Behavior\BuildLiteBehavior [ RunTime:0.000008s ]
INFO: [ app_init ] --END-- [ RunTime:0.000282s ]
INFO: [ app_begin ] --START--
INFO: Run Behavior\ReadHtmlCacheBehavior [ RunTime:0.000442s ]
INFO: [ app_begin ] --END-- [ RunTime:0.000479s ]
SQL: SHOW COLUMNS FROM `items` [ RunTime:0.0093s ]
ERR: 1054:Unknown column 'no' in 'where clause'
 [ SQL语句 ] : SELECT * FROM `items` WHERE ( `name` = '122' OR `no` = '122' ) ORDER BY name DESC LIMIT 0,10  
ERR: 1054:Unknown column 'no' in 'where clause'
 [ SQL语句 ] : SELECT * FROM `items` WHERE ( `name` = '122' OR `no` = '122' ) ORDER BY name DESC LIMIT 0,10  

[ 2016-10-29T11:13:32+08:00 ] ::1 /education/index.php/Home/Admin/deleteitem_info.html
INFO: [ app_init ] --START--
INFO: Run Behavior\BuildLiteBehavior [ RunTime:0.000015s ]
INFO: [ app_init ] --END-- [ RunTime:0.000612s ]
INFO: [ app_begin ] --START--
INFO: Run Behavior\ReadHtmlCacheBehavior [ RunTime:0.000629s ]
INFO: [ app_begin ] --END-- [ RunTime:0.000695s ]
SQL: SHOW COLUMNS FROM `items` [ RunTime:0.0116s ]
SQL: DELETE FROM `items` WHERE `Id` IN ('22') [ RunTime:0.0003s ]
INFO: [ app_end ] --START--
INFO: Run Behavior\ShowPageTraceBehavior [ RunTime:0.000473s ]
INFO: [ app_end ] --END-- [ RunTime:0.000514s ]

[ 2016-10-29T11:13:32+08:00 ] ::1 /education/index.php/Home/Admin/readallitem.html
INFO: [ app_init ] --START--
INFO: Run Behavior\BuildLiteBehavior [ RunTime:0.000014s ]
INFO: [ app_init ] --END-- [ RunTime:0.000506s ]
INFO: [ app_begin ] --START--
INFO: Run Behavior\ReadHtmlCacheBehavior [ RunTime:0.000629s ]
INFO: [ app_begin ] --END-- [ RunTime:0.000685s ]
SQL: SHOW COLUMNS FROM `items` [ RunTime:0.0065s ]
ERR: 1054:Unknown column 'no' in 'where clause'
 [ SQL语句 ] : SELECT * FROM `items` WHERE ( `name` = '122' OR `no` = '122' ) ORDER BY name DESC LIMIT 0,10  
ERR: 1054:Unknown column 'no' in 'where clause'
 [ SQL语句 ] : SELECT * FROM `items` WHERE ( `name` = '122' OR `no` = '122' ) ORDER BY name DESC LIMIT 0,10  

[ 2016-10-29T11:13:38+08:00 ] ::1 /education/index.php/Home/Admin/deleteitem_info.html
INFO: [ app_init ] --START--
INFO: Run Behavior\BuildLiteBehavior [ RunTime:0.000010s ]
INFO: [ app_init ] --END-- [ RunTime:0.000333s ]
INFO: [ app_begin ] --START--
INFO: Run Behavior\ReadHtmlCacheBehavior [ RunTime:0.000395s ]
INFO: [ app_begin ] --END-- [ RunTime:0.000430s ]
SQL: SHOW COLUMNS FROM `items` [ RunTime:0.0140s ]
SQL: DELETE FROM `items` WHERE `Id` IN ('22') [ RunTime:0.0003s ]
INFO: [ app_end ] --START--
INFO: Run Behavior\ShowPageTraceBehavior [ RunTime:0.000627s ]
INFO: [ app_end ] --END-- [ RunTime:0.000665s ]

[ 2016-10-29T11:13:38+08:00 ] ::1 /education/index.php/Home/Admin/readallitem.html
INFO: [ app_init ] --START--
INFO: Run Behavior\BuildLiteBehavior [ RunTime:0.000015s ]
INFO: [ app_init ] --END-- [ RunTime:0.000946s ]
INFO: [ app_begin ] --START--
INFO: Run Behavior\ReadHtmlCacheBehavior [ RunTime:0.000578s ]
INFO: [ app_begin ] --END-- [ RunTime:0.000630s ]
SQL: SHOW COLUMNS FROM `items` [ RunTime:0.0071s ]
ERR: 1054:Unknown column 'no' in 'where clause'
 [ SQL语句 ] : SELECT * FROM `items` WHERE ( `name` = '122' OR `no` = '122' ) ORDER BY name DESC LIMIT 0,10  
ERR: 1054:Unknown column 'no' in 'where clause'
 [ SQL语句 ] : SELECT * FROM `items` WHERE ( `name` = '122' OR `no` = '122' ) ORDER BY name DESC LIMIT 0,10  

[ 2016-10-29T11:13:50+08:00 ] ::1 /education/index.php/Home/Admin/deleteitem_info.html
INFO: [ app_init ] --START--
INFO: Run Behavior\BuildLiteBehavior [ RunTime:0.000012s ]
INFO: [ app_init ] --END-- [ RunTime:0.000473s ]
INFO: [ app_begin ] --START--
INFO: Run Behavior\ReadHtmlCacheBehavior [ RunTime:0.000617s ]
INFO: [ app_begin ] --END-- [ RunTime:0.000671s ]
SQL: SHOW COLUMNS FROM `items` [ RunTime:0.0154s ]
SQL: DELETE FROM `items` WHERE `Id` IN ('21','20','22','6') [ RunTime:0.1601s ]
INFO: [ app_end ] --START--
INFO: Run Behavior\ShowPageTraceBehavior [ RunTime:0.000740s ]
INFO: [ app_end ] --END-- [ RunTime:0.000796s ]

[ 2016-10-29T11:13:50+08:00 ] ::1 /education/index.php/Home/Admin/readallitem.html
INFO: [ app_init ] --START--
INFO: Run Behavior\BuildLiteBehavior [ RunTime:0.000011s ]
INFO: [ app_init ] --END-- [ RunTime:0.000413s ]
INFO: [ app_begin ] --START--
INFO: Run Behavior\ReadHtmlCacheBehavior [ RunTime:0.000413s ]
INFO: [ app_begin ] --END-- [ RunTime:0.000449s ]
SQL: SHOW COLUMNS FROM `items` [ RunTime:0.0078s ]
ERR: 1054:Unknown column 'no' in 'where clause'
 [ SQL语句 ] : SELECT * FROM `items` WHERE ( `name` = '122' OR `no` = '122' ) ORDER BY name DESC LIMIT 0,10  
ERR: 1054:Unknown column 'no' in 'where clause'
 [ SQL语句 ] : SELECT * FROM `items` WHERE ( `name` = '122' OR `no` = '122' ) ORDER BY name DESC LIMIT 0,10  

[ 2016-10-29T11:14:01+08:00 ] ::1 /education/index.php/Home/Admin/deleteitem_info.html
INFO: [ app_init ] --START--
INFO: Run Behavior\BuildLiteBehavior [ RunTime:0.000011s ]
INFO: [ app_init ] --END-- [ RunTime:0.000398s ]
INFO: [ app_begin ] --START--
INFO: Run Behavior\ReadHtmlCacheBehavior [ RunTime:0.000361s ]
INFO: [ app_begin ] --END-- [ RunTime:0.000393s ]
SQL: SHOW COLUMNS FROM `items` [ RunTime:0.0156s ]
SQL: DELETE FROM `items` WHERE `Id` IN ('21','20','22','6','7','8','9','10','11','12') [ RunTime:0.0647s ]
INFO: [ app_end ] --START--
INFO: Run Behavior\ShowPageTraceBehavior [ RunTime:0.000742s ]
INFO: [ app_end ] --END-- [ RunTime:0.000787s ]

[ 2016-10-29T11:14:01+08:00 ] ::1 /education/index.php/Home/Admin/readallitem.html
INFO: [ app_init ] --START--
INFO: Run Behavior\BuildLiteBehavior [ RunTime:0.000014s ]
INFO: [ app_init ] --END-- [ RunTime:0.000494s ]
INFO: [ app_begin ] --START--
INFO: Run Behavior\ReadHtmlCacheBehavior [ RunTime:0.000606s ]
INFO: [ app_begin ] --END-- [ RunTime:0.000665s ]
SQL: SHOW COLUMNS FROM `items` [ RunTime:0.0062s ]
ERR: 1054:Unknown column 'no' in 'where clause'
 [ SQL语句 ] : SELECT * FROM `items` WHERE ( `name` = '122' OR `no` = '122' ) ORDER BY name DESC LIMIT 0,10  
ERR: 1054:Unknown column 'no' in 'where clause'
 [ SQL语句 ] : SELECT * FROM `items` WHERE ( `name` = '122' OR `no` = '122' ) ORDER BY name DESC LIMIT 0,10  

[ 2016-10-29T11:14:55+08:00 ] ::1 /education/
INFO: [ app_init ] --START--
INFO: Run Behavior\BuildLiteBehavior [ RunTime:0.000012s ]
INFO: [ app_init ] --END-- [ RunTime:0.000415s ]
INFO: [ app_begin ] --START--
INFO: Run Behavior\ReadHtmlCacheBehavior [ RunTime:0.000491s ]
INFO: [ app_begin ] --END-- [ RunTime:0.000538s ]
INFO: [ view_parse ] --START--
INFO: [ template_filter ] --START--
INFO: Run Behavior\ContentReplaceBehavior [ RunTime:0.000091s ]
INFO: [ template_filter ] --END-- [ RunTime:0.000192s ]
INFO: Run Behavior\ParseTemplateBehavior [ RunTime:0.091025s ]
INFO: [ view_parse ] --END-- [ RunTime:0.091095s ]
INFO: [ view_filter ] --START--
INFO: Run Behavior\WriteHtmlCacheBehavior [ RunTime:0.010875s ]
INFO: [ view_filter ] --END-- [ RunTime:0.010924s ]
INFO: [ app_end ] --START--
INFO: Run Behavior\ShowPageTraceBehavior [ RunTime:0.000715s ]
INFO: [ app_end ] --END-- [ RunTime:0.000758s ]

[ 2016-10-29T11:15:12+08:00 ] ::1 /education/index.php?m=home&c=admin&a=item&_=1477710895644
INFO: [ app_init ] --START--
INFO: Run Behavior\BuildLiteBehavior [ RunTime:0.000013s ]
INFO: [ app_init ] --END-- [ RunTime:0.000471s ]
INFO: [ app_begin ] --START--
INFO: Run Behavior\ReadHtmlCacheBehavior [ RunTime:0.000602s ]
INFO: [ app_begin ] --END-- [ RunTime:0.000651s ]
NOTIC: [8] Use of undefined constant session - assumed 'session' F:\phpStudy\WWW\education\Application\Home\Controller\AdminController.class.php 第 15 行.
NOTIC: [2] Illegal string offset 'user_name' F:\phpStudy\WWW\education\Application\Home\Controller\AdminController.class.php 第 15 行.
INFO: [ view_parse ] --START--
INFO: [ template_filter ] --START--
INFO: Run Behavior\ContentReplaceBehavior [ RunTime:0.000131s ]
INFO: [ template_filter ] --END-- [ RunTime:0.000175s ]
INFO: Run Behavior\ParseTemplateBehavior [ RunTime:0.824868s ]
INFO: [ view_parse ] --END-- [ RunTime:0.824911s ]
INFO: [ view_filter ] --START--
INFO: Run Behavior\WriteHtmlCacheBehavior [ RunTime:0.000206s ]
INFO: [ view_filter ] --END-- [ RunTime:0.000226s ]
INFO: [ app_end ] --START--
INFO: Run Behavior\ShowPageTraceBehavior [ RunTime:0.000564s ]
INFO: [ app_end ] --END-- [ RunTime:0.000609s ]

[ 2016-10-29T11:15:14+08:00 ] ::1 /education/index.php/Home/Admin/readallitem.html
INFO: [ app_init ] --START--
INFO: Run Behavior\BuildLiteBehavior [ RunTime:0.000012s ]
INFO: [ app_init ] --END-- [ RunTime:0.000521s ]
INFO: [ app_begin ] --START--
INFO: Run Behavior\ReadHtmlCacheBehavior [ RunTime:0.000701s ]
INFO: [ app_begin ] --END-- [ RunTime:0.000860s ]
SQL: SHOW COLUMNS FROM `items` [ RunTime:0.0133s ]
NOTIC: [8] Undefined variable: condition F:\phpStudy\WWW\education\Application\Home\Controller\AdminController.class.php 第 40 行.
SQL: SELECT * FROM `items` ORDER BY name DESC LIMIT 0,10   [ RunTime:0.0005s ]
NOTIC: [8] Undefined variable: condition F:\phpStudy\WWW\education\Application\Home\Controller\AdminController.class.php 第 43 行.
SQL: SELECT COUNT(*) AS tp_count FROM `items` LIMIT 1   [ RunTime:0.0003s ]
INFO: [ app_end ] --START--
INFO: Run Behavior\ShowPageTraceBehavior [ RunTime:0.000766s ]
INFO: [ app_end ] --END-- [ RunTime:0.000814s ]

[ 2016-10-29T11:15:24+08:00 ] ::1 /education/index.php/Home/Admin/readallitem.html
INFO: [ app_init ] --START--
INFO: Run Behavior\BuildLiteBehavior [ RunTime:0.000009s ]
INFO: [ app_init ] --END-- [ RunTime:0.000331s ]
INFO: [ app_begin ] --START--
INFO: Run Behavior\ReadHtmlCacheBehavior [ RunTime:0.000391s ]
INFO: [ app_begin ] --END-- [ RunTime:0.000431s ]
SQL: SHOW COLUMNS FROM `items` [ RunTime:0.1302s ]
NOTIC: [8] Undefined variable: condition F:\phpStudy\WWW\education\Application\Home\Controller\AdminController.class.php 第 40 行.
SQL: SELECT * FROM `items` ORDER BY name DESC LIMIT 0,20   [ RunTime:0.0004s ]
NOTIC: [8] Undefined variable: condition F:\phpStudy\WWW\education\Application\Home\Controller\AdminController.class.php 第 43 行.
SQL: SELECT COUNT(*) AS tp_count FROM `items` LIMIT 1   [ RunTime:0.0002s ]
INFO: [ app_end ] --START--
INFO: Run Behavior\ShowPageTraceBehavior [ RunTime:0.000565s ]
INFO: [ app_end ] --END-- [ RunTime:0.000599s ]

[ 2016-10-29T11:15:26+08:00 ] ::1 /education/index.php/Home/Admin/readallitem.html
INFO: [ app_init ] --START--
INFO: Run Behavior\BuildLiteBehavior [ RunTime:0.000016s ]
INFO: [ app_init ] --END-- [ RunTime:0.000477s ]
INFO: [ app_begin ] --START--
INFO: Run Behavior\ReadHtmlCacheBehavior [ RunTime:0.000661s ]
INFO: [ app_begin ] --END-- [ RunTime:0.000723s ]
SQL: SHOW COLUMNS FROM `items` [ RunTime:0.0135s ]
NOTIC: [8] Undefined variable: condition F:\phpStudy\WWW\education\Application\Home\Controller\AdminController.class.php 第 40 行.
SQL: SELECT * FROM `items` ORDER BY name DESC LIMIT 0,10   [ RunTime:0.0008s ]
NOTIC: [8] Undefined variable: condition F:\phpStudy\WWW\education\Application\Home\Controller\AdminController.class.php 第 43 行.
SQL: SELECT COUNT(*) AS tp_count FROM `items` LIMIT 1   [ RunTime:0.0003s ]
INFO: [ app_end ] --START--
INFO: Run Behavior\ShowPageTraceBehavior [ RunTime:0.000704s ]
INFO: [ app_end ] --END-- [ RunTime:0.000752s ]

[ 2016-10-29T11:15:33+08:00 ] ::1 /education/index.php/Home/Admin/deleteitem_info.html
INFO: [ app_init ] --START--
INFO: Run Behavior\BuildLiteBehavior [ RunTime:0.000012s ]
INFO: [ app_init ] --END-- [ RunTime:0.000514s ]
INFO: [ app_begin ] --START--
INFO: Run Behavior\ReadHtmlCacheBehavior [ RunTime:0.001145s ]
INFO: [ app_begin ] --END-- [ RunTime:0.001240s ]
SQL: SHOW COLUMNS FROM `items` [ RunTime:0.1818s ]
SQL: DELETE FROM `items` WHERE `Id` IN ('19') [ RunTime:0.6126s ]
INFO: [ app_end ] --START--
INFO: Run Behavior\ShowPageTraceBehavior [ RunTime:0.001817s ]
INFO: [ app_end ] --END-- [ RunTime:0.001935s ]

[ 2016-10-29T11:15:33+08:00 ] ::1 /education/index.php/Home/Admin/readallitem.html
INFO: [ app_init ] --START--
INFO: Run Behavior\BuildLiteBehavior [ RunTime:0.000016s ]
INFO: [ app_init ] --END-- [ RunTime:0.000471s ]
INFO: [ app_begin ] --START--
INFO: Run Behavior\ReadHtmlCacheBehavior [ RunTime:0.001116s ]
INFO: [ app_begin ] --END-- [ RunTime:0.001191s ]
SQL: SHOW COLUMNS FROM `items` [ RunTime:0.5815s ]
NOTIC: [8] Undefined variable: condition F:\phpStudy\WWW\education\Application\Home\Controller\AdminController.class.php 第 40 行.
SQL: SELECT * FROM `items` ORDER BY name DESC LIMIT 0,10   [ RunTime:0.0004s ]
NOTIC: [8] Undefined variable: condition F:\phpStudy\WWW\education\Application\Home\Controller\AdminController.class.php 第 43 行.
SQL: SELECT COUNT(*) AS tp_count FROM `items` LIMIT 1   [ RunTime:0.0002s ]
INFO: [ app_end ] --START--
INFO: Run Behavior\ShowPageTraceBehavior [ RunTime:0.000691s ]
INFO: [ app_end ] --END-- [ RunTime:0.000731s ]

[ 2016-10-29T11:15:45+08:00 ] ::1 /education/index.php/Home/Admin/additem_info.html
INFO: [ app_init ] --START--
INFO: Run Behavior\BuildLiteBehavior [ RunTime:0.000010s ]
INFO: [ app_init ] --END-- [ RunTime:0.000327s ]
INFO: [ app_begin ] --START--
INFO: Run Behavior\ReadHtmlCacheBehavior [ RunTime:0.000398s ]
INFO: [ app_begin ] --END-- [ RunTime:0.000434s ]
SQL: SHOW COLUMNS FROM `items` [ RunTime:0.6913s ]
SQL: INSERT INTO `items` (`name`,`times`,`price`) VALUES ('12','2332','2332') [ RunTime:0.3585s ]
INFO: [ app_end ] --START--
INFO: Run Behavior\ShowPageTraceBehavior [ RunTime:0.000859s ]
INFO: [ app_end ] --END-- [ RunTime:0.000918s ]

[ 2016-10-29T11:15:45+08:00 ] ::1 /education/index.php/Home/Admin/readallitem.html
INFO: [ app_init ] --START--
INFO: Run Behavior\BuildLiteBehavior [ RunTime:0.000015s ]
INFO: [ app_init ] --END-- [ RunTime:0.000478s ]
INFO: [ app_begin ] --START--
INFO: Run Behavior\ReadHtmlCacheBehavior [ RunTime:0.000509s ]
INFO: [ app_begin ] --END-- [ RunTime:0.000551s ]
SQL: SHOW COLUMNS FROM `items` [ RunTime:0.0394s ]
NOTIC: [8] Undefined variable: condition F:\phpStudy\WWW\education\Application\Home\Controller\AdminController.class.php 第 40 行.
SQL: SELECT * FROM `items` ORDER BY name DESC LIMIT 0,10   [ RunTime:0.0004s ]
NOTIC: [8] Undefined variable: condition F:\phpStudy\WWW\education\Application\Home\Controller\AdminController.class.php 第 43 行.
SQL: SELECT COUNT(*) AS tp_count FROM `items` LIMIT 1   [ RunTime:0.0006s ]
INFO: [ app_end ] --START--
INFO: Run Behavior\ShowPageTraceBehavior [ RunTime:0.001044s ]
INFO: [ app_end ] --END-- [ RunTime:0.001092s ]

[ 2016-10-29T11:15:54+08:00 ] ::1 /education/index.php/Home/Admin/additem_info.html
INFO: [ app_init ] --START--
INFO: Run Behavior\BuildLiteBehavior [ RunTime:0.000010s ]
INFO: [ app_init ] --END-- [ RunTime:0.000325s ]
INFO: [ app_begin ] --START--
INFO: Run Behavior\ReadHtmlCacheBehavior [ RunTime:0.000550s ]
INFO: [ app_begin ] --END-- [ RunTime:0.000597s ]
SQL: SHOW COLUMNS FROM `items` [ RunTime:0.3577s ]
SQL: INSERT INTO `items` (`name`,`times`,`price`) VALUES ('21','21','21') [ RunTime:0.1953s ]
INFO: [ app_end ] --START--
INFO: Run Behavior\ShowPageTraceBehavior [ RunTime:0.000848s ]
INFO: [ app_end ] --END-- [ RunTime:0.000911s ]

[ 2016-10-29T11:15:54+08:00 ] ::1 /education/index.php/Home/Admin/readallitem.html
INFO: [ app_init ] --START--
INFO: Run Behavior\BuildLiteBehavior [ RunTime:0.000010s ]
INFO: [ app_init ] --END-- [ RunTime:0.000309s ]
INFO: [ app_begin ] --START--
INFO: Run Behavior\ReadHtmlCacheBehavior [ RunTime:0.000373s ]
INFO: [ app_begin ] --END-- [ RunTime:0.000405s ]
SQL: SHOW COLUMNS FROM `items` [ RunTime:0.0066s ]
NOTIC: [8] Undefined variable: condition F:\phpStudy\WWW\education\Application\Home\Controller\AdminController.class.php 第 40 行.
SQL: SELECT * FROM `items` ORDER BY name DESC LIMIT 0,10   [ RunTime:0.0006s ]
NOTIC: [8] Undefined variable: condition F:\phpStudy\WWW\education\Application\Home\Controller\AdminController.class.php 第 43 行.
SQL: SELECT COUNT(*) AS tp_count FROM `items` LIMIT 1   [ RunTime:0.0004s ]
INFO: [ app_end ] --START--
INFO: Run Behavior\ShowPageTraceBehavior [ RunTime:0.000849s ]
INFO: [ app_end ] --END-- [ RunTime:0.000924s ]

[ 2016-10-29T11:16:09+08:00 ] ::1 /education/index.php/Home/Admin/additem_info.html
INFO: [ app_init ] --START--
INFO: Run Behavior\BuildLiteBehavior [ RunTime:0.000010s ]
INFO: [ app_init ] --END-- [ RunTime:0.000322s ]
INFO: [ app_begin ] --START--
INFO: Run Behavior\ReadHtmlCacheBehavior [ RunTime:0.000456s ]
INFO: [ app_begin ] --END-- [ RunTime:0.000499s ]
SQL: SHOW COLUMNS FROM `items` [ RunTime:0.3946s ]
SQL: INSERT INTO `items` (`name`,`times`,`price`) VALUES ('1122','1122','1122') [ RunTime:0.0947s ]
INFO: [ app_end ] --START--
INFO: Run Behavior\ShowPageTraceBehavior [ RunTime:0.000689s ]
INFO: [ app_end ] --END-- [ RunTime:0.000737s ]

[ 2016-10-29T11:16:09+08:00 ] ::1 /education/index.php/Home/Admin/readallitem.html
INFO: [ app_init ] --START--
INFO: Run Behavior\BuildLiteBehavior [ RunTime:0.000012s ]
INFO: [ app_init ] --END-- [ RunTime:0.000487s ]
INFO: [ app_begin ] --START--
INFO: Run Behavior\ReadHtmlCacheBehavior [ RunTime:0.000400s ]
INFO: [ app_begin ] --END-- [ RunTime:0.000435s ]
SQL: SHOW COLUMNS FROM `items` [ RunTime:0.0224s ]
NOTIC: [8] Undefined variable: condition F:\phpStudy\WWW\education\Application\Home\Controller\AdminController.class.php 第 40 行.
SQL: SELECT * FROM `items` ORDER BY name DESC LIMIT 0,10   [ RunTime:0.0006s ]
NOTIC: [8] Undefined variable: condition F:\phpStudy\WWW\education\Application\Home\Controller\AdminController.class.php 第 43 行.
SQL: SELECT COUNT(*) AS tp_count FROM `items` LIMIT 1   [ RunTime:0.0003s ]
INFO: [ app_end ] --START--
INFO: Run Behavior\ShowPageTraceBehavior [ RunTime:0.000742s ]
INFO: [ app_end ] --END-- [ RunTime:0.000800s ]

[ 2016-10-29T11:16:13+08:00 ] ::1 /education/index.php/Home/Admin/deleteitem_info.html
INFO: [ app_init ] --START--
INFO: Run Behavior\BuildLiteBehavior [ RunTime:0.000014s ]
INFO: [ app_init ] --END-- [ RunTime:0.000344s ]
INFO: [ app_begin ] --START--
INFO: Run Behavior\ReadHtmlCacheBehavior [ RunTime:0.000430s ]
INFO: [ app_begin ] --END-- [ RunTime:0.000470s ]
SQL: SHOW COLUMNS FROM `items` [ RunTime:0.0172s ]
SQL: DELETE FROM `items` WHERE `Id` IN ('24','23','25') [ RunTime:0.1168s ]
INFO: [ app_end ] --START--
INFO: Run Behavior\ShowPageTraceBehavior [ RunTime:0.000571s ]
INFO: [ app_end ] --END-- [ RunTime:0.000611s ]

[ 2016-10-29T11:16:13+08:00 ] ::1 /education/index.php/Home/Admin/readallitem.html
INFO: [ app_init ] --START--
INFO: Run Behavior\BuildLiteBehavior [ RunTime:0.000008s ]
INFO: [ app_init ] --END-- [ RunTime:0.000314s ]
INFO: [ app_begin ] --START--
INFO: Run Behavior\ReadHtmlCacheBehavior [ RunTime:0.000681s ]
INFO: [ app_begin ] --END-- [ RunTime:0.000779s ]
SQL: SHOW COLUMNS FROM `items` [ RunTime:0.0081s ]
NOTIC: [8] Undefined variable: condition F:\phpStudy\WWW\education\Application\Home\Controller\AdminController.class.php 第 40 行.
SQL: SELECT * FROM `items` ORDER BY name DESC LIMIT 0,10   [ RunTime:0.0003s ]
NOTIC: [8] Undefined variable: condition F:\phpStudy\WWW\education\Application\Home\Controller\AdminController.class.php 第 43 行.
SQL: SELECT COUNT(*) AS tp_count FROM `items` LIMIT 1   [ RunTime:0.0002s ]
INFO: [ app_end ] --START--
INFO: Run Behavior\ShowPageTraceBehavior [ RunTime:0.000722s ]
INFO: [ app_end ] --END-- [ RunTime:0.000765s ]

[ 2016-10-29T11:16:22+08:00 ] ::1 /education/index.php/Home/Admin/additem_info.html
INFO: [ app_init ] --START--
INFO: Run Behavior\BuildLiteBehavior [ RunTime:0.000009s ]
INFO: [ app_init ] --END-- [ RunTime:0.000321s ]
INFO: [ app_begin ] --START--
INFO: Run Behavior\ReadHtmlCacheBehavior [ RunTime:0.000411s ]
INFO: [ app_begin ] --END-- [ RunTime:0.000447s ]
SQL: SHOW COLUMNS FROM `items` [ RunTime:0.1307s ]
SQL: INSERT INTO `items` (`name`,`times`,`price`) VALUES ('11','11','11') [ RunTime:0.0575s ]
INFO: [ app_end ] --START--
INFO: Run Behavior\ShowPageTraceBehavior [ RunTime:0.000678s ]
INFO: [ app_end ] --END-- [ RunTime:0.000722s ]

[ 2016-10-29T11:16:23+08:00 ] ::1 /education/index.php/Home/Admin/readallitem.html
INFO: [ app_init ] --START--
INFO: Run Behavior\BuildLiteBehavior [ RunTime:0.000009s ]
INFO: [ app_init ] --END-- [ RunTime:0.000321s ]
INFO: [ app_begin ] --START--
INFO: Run Behavior\ReadHtmlCacheBehavior [ RunTime:0.000387s ]
INFO: [ app_begin ] --END-- [ RunTime:0.000420s ]
SQL: SHOW COLUMNS FROM `items` [ RunTime:0.0147s ]
NOTIC: [8] Undefined variable: condition F:\phpStudy\WWW\education\Application\Home\Controller\AdminController.class.php 第 40 行.
SQL: SELECT * FROM `items` ORDER BY name DESC LIMIT 0,10   [ RunTime:0.0005s ]
NOTIC: [8] Undefined variable: condition F:\phpStudy\WWW\education\Application\Home\Controller\AdminController.class.php 第 43 行.
SQL: SELECT COUNT(*) AS tp_count FROM `items` LIMIT 1   [ RunTime:0.0003s ]
INFO: [ app_end ] --START--
INFO: Run Behavior\ShowPageTraceBehavior [ RunTime:0.000827s ]
INFO: [ app_end ] --END-- [ RunTime:0.000881s ]

[ 2016-10-29T11:16:34+08:00 ] ::1 /education/index.php/Home/Admin/additem_info.html
INFO: [ app_init ] --START--
INFO: Run Behavior\BuildLiteBehavior [ RunTime:0.000010s ]
INFO: [ app_init ] --END-- [ RunTime:0.000343s ]
INFO: [ app_begin ] --START--
INFO: Run Behavior\ReadHtmlCacheBehavior [ RunTime:0.000539s ]
INFO: [ app_begin ] --END-- [ RunTime:0.000588s ]
SQL: SHOW COLUMNS FROM `items` [ RunTime:0.1355s ]
SQL: INSERT INTO `items` (`name`,`times`,`price`) VALUES ('22','22','22') [ RunTime:0.0584s ]
INFO: [ app_end ] --START--
INFO: Run Behavior\ShowPageTraceBehavior [ RunTime:0.000526s ]
INFO: [ app_end ] --END-- [ RunTime:0.000560s ]

[ 2016-10-29T11:16:34+08:00 ] ::1 /education/index.php/Home/Admin/readallitem.html
INFO: [ app_init ] --START--
INFO: Run Behavior\BuildLiteBehavior [ RunTime:0.000010s ]
INFO: [ app_init ] --END-- [ RunTime:0.000385s ]
INFO: [ app_begin ] --START--
INFO: Run Behavior\ReadHtmlCacheBehavior [ RunTime:0.000512s ]
INFO: [ app_begin ] --END-- [ RunTime:0.000555s ]
SQL: SHOW COLUMNS FROM `items` [ RunTime:0.0073s ]
NOTIC: [8] Undefined variable: condition F:\phpStudy\WWW\education\Application\Home\Controller\AdminController.class.php 第 40 行.
SQL: SELECT * FROM `items` ORDER BY name DESC LIMIT 0,10   [ RunTime:0.0005s ]
NOTIC: [8] Undefined variable: condition F:\phpStudy\WWW\education\Application\Home\Controller\AdminController.class.php 第 43 行.
SQL: SELECT COUNT(*) AS tp_count FROM `items` LIMIT 1   [ RunTime:0.0003s ]
INFO: [ app_end ] --START--
INFO: Run Behavior\ShowPageTraceBehavior [ RunTime:0.000742s ]
INFO: [ app_end ] --END-- [ RunTime:0.000786s ]

[ 2016-10-29T11:16:41+08:00 ] ::1 /education/index.php/Home/Admin/additem_info.html
INFO: [ app_init ] --START--
INFO: Run Behavior\BuildLiteBehavior [ RunTime:0.000015s ]
INFO: [ app_init ] --END-- [ RunTime:0.000581s ]
INFO: [ app_begin ] --START--
INFO: Run Behavior\ReadHtmlCacheBehavior [ RunTime:0.000646s ]
INFO: [ app_begin ] --END-- [ RunTime:0.000705s ]
SQL: SHOW COLUMNS FROM `items` [ RunTime:0.0981s ]
SQL: INSERT INTO `items` (`name`,`times`,`price`) VALUES ('33','33','33') [ RunTime:0.0697s ]
INFO: [ app_end ] --START--
INFO: Run Behavior\ShowPageTraceBehavior [ RunTime:0.000689s ]
INFO: [ app_end ] --END-- [ RunTime:0.000733s ]

[ 2016-10-29T11:16:42+08:00 ] ::1 /education/index.php/Home/Admin/readallitem.html
INFO: [ app_init ] --START--
INFO: Run Behavior\BuildLiteBehavior [ RunTime:0.000009s ]
INFO: [ app_init ] --END-- [ RunTime:0.000314s ]
INFO: [ app_begin ] --START--
INFO: Run Behavior\ReadHtmlCacheBehavior [ RunTime:0.000422s ]
INFO: [ app_begin ] --END-- [ RunTime:0.000458s ]
SQL: SHOW COLUMNS FROM `items` [ RunTime:0.0135s ]
NOTIC: [8] Undefined variable: condition F:\phpStudy\WWW\education\Application\Home\Controller\AdminController.class.php 第 40 行.
SQL: SELECT * FROM `items` ORDER BY name DESC LIMIT 0,10   [ RunTime:0.0004s ]
NOTIC: [8] Undefined variable: condition F:\phpStudy\WWW\education\Application\Home\Controller\AdminController.class.php 第 43 行.
SQL: SELECT COUNT(*) AS tp_count FROM `items` LIMIT 1   [ RunTime:0.0003s ]
INFO: [ app_end ] --START--
INFO: Run Behavior\ShowPageTraceBehavior [ RunTime:0.000898s ]
INFO: [ app_end ] --END-- [ RunTime:0.000945s ]

[ 2016-10-29T11:16:50+08:00 ] ::1 /education/index.php/Home/Admin/additem_info.html
INFO: [ app_init ] --START--
INFO: Run Behavior\BuildLiteBehavior [ RunTime:0.000012s ]
INFO: [ app_init ] --END-- [ RunTime:0.000460s ]
INFO: [ app_begin ] --START--
INFO: Run Behavior\ReadHtmlCacheBehavior [ RunTime:0.000470s ]
INFO: [ app_begin ] --END-- [ RunTime:0.000517s ]
SQL: SHOW COLUMNS FROM `items` [ RunTime:0.1124s ]
SQL: INSERT INTO `items` (`name`,`times`,`price`) VALUES ('44','44','44') [ RunTime:0.0694s ]
INFO: [ app_end ] --START--
INFO: Run Behavior\ShowPageTraceBehavior [ RunTime:0.000539s ]
INFO: [ app_end ] --END-- [ RunTime:0.000571s ]

[ 2016-10-29T11:16:50+08:00 ] ::1 /education/index.php/Home/Admin/readallitem.html
INFO: [ app_init ] --START--
INFO: Run Behavior\BuildLiteBehavior [ RunTime:0.000014s ]
INFO: [ app_init ] --END-- [ RunTime:0.000426s ]
INFO: [ app_begin ] --START--
INFO: Run Behavior\ReadHtmlCacheBehavior [ RunTime:0.000520s ]
INFO: [ app_begin ] --END-- [ RunTime:0.000562s ]
SQL: SHOW COLUMNS FROM `items` [ RunTime:0.0065s ]
NOTIC: [8] Undefined variable: condition F:\phpStudy\WWW\education\Application\Home\Controller\AdminController.class.php 第 40 行.
SQL: SELECT * FROM `items` ORDER BY name DESC LIMIT 0,10   [ RunTime:0.0004s ]
NOTIC: [8] Undefined variable: condition F:\phpStudy\WWW\education\Application\Home\Controller\AdminController.class.php 第 43 行.
SQL: SELECT COUNT(*) AS tp_count FROM `items` LIMIT 1   [ RunTime:0.0002s ]
INFO: [ app_end ] --START--
INFO: Run Behavior\ShowPageTraceBehavior [ RunTime:0.000546s ]
INFO: [ app_end ] --END-- [ RunTime:0.000580s ]

[ 2016-10-29T11:16:58+08:00 ] ::1 /education/index.php/Home/Admin/additem_info.html
INFO: [ app_init ] --START--
INFO: Run Behavior\BuildLiteBehavior [ RunTime:0.000016s ]
INFO: [ app_init ] --END-- [ RunTime:0.000653s ]
INFO: [ app_begin ] --START--
INFO: Run Behavior\ReadHtmlCacheBehavior [ RunTime:0.000709s ]
INFO: [ app_begin ] --END-- [ RunTime:0.000769s ]
SQL: SHOW COLUMNS FROM `items` [ RunTime:0.0845s ]
SQL: INSERT INTO `items` (`name`,`times`,`price`) VALUES ('55','55','55') [ RunTime:0.0747s ]
INFO: [ app_end ] --START--
INFO: Run Behavior\ShowPageTraceBehavior [ RunTime:0.000694s ]
INFO: [ app_end ] --END-- [ RunTime:0.000738s ]

[ 2016-10-29T11:16:58+08:00 ] ::1 /education/index.php/Home/Admin/readallitem.html
INFO: [ app_init ] --START--
INFO: Run Behavior\BuildLiteBehavior [ RunTime:0.000010s ]
INFO: [ app_init ] --END-- [ RunTime:0.000317s ]
INFO: [ app_begin ] --START--
INFO: Run Behavior\ReadHtmlCacheBehavior [ RunTime:0.000391s ]
INFO: [ app_begin ] --END-- [ RunTime:0.000425s ]
SQL: SHOW COLUMNS FROM `items` [ RunTime:0.0099s ]
NOTIC: [8] Undefined variable: condition F:\phpStudy\WWW\education\Application\Home\Controller\AdminController.class.php 第 40 行.
SQL: SELECT * FROM `items` ORDER BY name DESC LIMIT 0,10   [ RunTime:0.0005s ]
NOTIC: [8] Undefined variable: condition F:\phpStudy\WWW\education\Application\Home\Controller\AdminController.class.php 第 43 行.
SQL: SELECT COUNT(*) AS tp_count FROM `items` LIMIT 1   [ RunTime:0.0002s ]
INFO: [ app_end ] --START--
INFO: Run Behavior\ShowPageTraceBehavior [ RunTime:0.000735s ]
INFO: [ app_end ] --END-- [ RunTime:0.000795s ]

[ 2016-10-29T11:17:06+08:00 ] ::1 /education/index.php/Home/Admin/additem_info.html
INFO: [ app_init ] --START--
INFO: Run Behavior\BuildLiteBehavior [ RunTime:0.000010s ]
INFO: [ app_init ] --END-- [ RunTime:0.000314s ]
INFO: [ app_begin ] --START--
INFO: Run Behavior\ReadHtmlCacheBehavior [ RunTime:0.000405s ]
INFO: [ app_begin ] --END-- [ RunTime:0.000440s ]
SQL: SHOW COLUMNS FROM `items` [ RunTime:0.1409s ]
SQL: INSERT INTO `items` (`name`,`times`,`price`) VALUES ('66','66','66') [ RunTime:0.1797s ]
INFO: [ app_end ] --START--
INFO: Run Behavior\ShowPageTraceBehavior [ RunTime:0.001570s ]
INFO: [ app_end ] --END-- [ RunTime:0.001684s ]

[ 2016-10-29T11:17:07+08:00 ] ::1 /education/index.php/Home/Admin/readallitem.html
INFO: [ app_init ] --START--
INFO: Run Behavior\BuildLiteBehavior [ RunTime:0.000009s ]
INFO: [ app_init ] --END-- [ RunTime:0.000309s ]
INFO: [ app_begin ] --START--
INFO: Run Behavior\ReadHtmlCacheBehavior [ RunTime:0.000636s ]
INFO: [ app_begin ] --END-- [ RunTime:0.000711s ]
SQL: SHOW COLUMNS FROM `items` [ RunTime:0.0159s ]
NOTIC: [8] Undefined variable: condition F:\phpStudy\WWW\education\Application\Home\Controller\AdminController.class.php 第 40 行.
SQL: SELECT * FROM `items` ORDER BY name DESC LIMIT 0,10   [ RunTime:0.0005s ]
NOTIC: [8] Undefined variable: condition F:\phpStudy\WWW\education\Application\Home\Controller\AdminController.class.php 第 43 行.
SQL: SELECT COUNT(*) AS tp_count FROM `items` LIMIT 1   [ RunTime:0.0002s ]
INFO: [ app_end ] --START--
INFO: Run Behavior\ShowPageTraceBehavior [ RunTime:0.000597s ]
INFO: [ app_end ] --END-- [ RunTime:0.000644s ]

[ 2016-10-29T11:18:17+08:00 ] ::1 /education/index.php?m=home&c=admin&a=teacher&_=1477710895645
INFO: [ app_init ] --START--
INFO: Run Behavior\BuildLiteBehavior [ RunTime:0.000015s ]
INFO: [ app_init ] --END-- [ RunTime:0.000518s ]
INFO: [ app_begin ] --START--
INFO: Run Behavior\ReadHtmlCacheBehavior [ RunTime:0.000647s ]
INFO: [ app_begin ] --END-- [ RunTime:0.000706s ]
ERR: 非法操作:teacher

[ 2016-10-29T11:18:25+08:00 ] ::1 /education/index.php?m=home&c=admin&a=item&_=1477710895646
INFO: [ app_init ] --START--
INFO: Run Behavior\BuildLiteBehavior [ RunTime:0.000020s ]
INFO: [ app_init ] --END-- [ RunTime:0.000292s ]
INFO: [ app_begin ] --START--
INFO: Run Behavior\ReadHtmlCacheBehavior [ RunTime:0.000363s ]
INFO: [ app_begin ] --END-- [ RunTime:0.000391s ]
NOTIC: [8] Use of undefined constant session - assumed 'session' F:\phpStudy\WWW\education\Application\Home\Controller\AdminController.class.php 第 15 行.
NOTIC: [2] Illegal string offset 'user_name' F:\phpStudy\WWW\education\Application\Home\Controller\AdminController.class.php 第 15 行.
INFO: [ view_parse ] --START--
INFO: [ template_filter ] --START--
INFO: Run Behavior\ContentReplaceBehavior [ RunTime:0.000108s ]
INFO: [ template_filter ] --END-- [ RunTime:0.000141s ]
INFO: Run Behavior\ParseTemplateBehavior [ RunTime:0.022798s ]
INFO: [ view_parse ] --END-- [ RunTime:0.022845s ]
INFO: [ view_filter ] --START--
INFO: Run Behavior\WriteHtmlCacheBehavior [ RunTime:0.000320s ]
INFO: [ view_filter ] --END-- [ RunTime:0.000347s ]
INFO: [ app_end ] --START--
INFO: Run Behavior\ShowPageTraceBehavior [ RunTime:0.000638s ]
INFO: [ app_end ] --END-- [ RunTime:0.000686s ]

[ 2016-10-29T11:18:25+08:00 ] ::1 /education/index.php/Home/Admin/readallitem.html
INFO: [ app_init ] --START--
INFO: Run Behavior\BuildLiteBehavior [ RunTime:0.000012s ]
INFO: [ app_init ] --END-- [ RunTime:0.000427s ]
INFO: [ app_begin ] --START--
INFO: Run Behavior\ReadHtmlCacheBehavior [ RunTime:0.000554s ]
INFO: [ app_begin ] --END-- [ RunTime:0.000602s ]
SQL: SHOW COLUMNS FROM `items` [ RunTime:0.0133s ]
NOTIC: [8] Undefined variable: condition F:\phpStudy\WWW\education\Application\Home\Controller\AdminController.class.php 第 40 行.
SQL: SELECT * FROM `items` ORDER BY name DESC LIMIT 0,10   [ RunTime:0.0005s ]
NOTIC: [8] Undefined variable: condition F:\phpStudy\WWW\education\Application\Home\Controller\AdminController.class.php 第 43 行.
SQL: SELECT COUNT(*) AS tp_count FROM `items` LIMIT 1   [ RunTime:0.0002s ]
INFO: [ app_end ] --START--
INFO: Run Behavior\ShowPageTraceBehavior [ RunTime:0.000528s ]
INFO: [ app_end ] --END-- [ RunTime:0.000559s ]

[ 2016-10-29T11:18:26+08:00 ] ::1 /education/index.php?m=home&c=admin&a=teacher&_=1477710895647
INFO: [ app_init ] --START--
INFO: Run Behavior\BuildLiteBehavior [ RunTime:0.000021s ]
INFO: [ app_init ] --END-- [ RunTime:0.000955s ]
INFO: [ app_begin ] --START--
INFO: Run Behavior\ReadHtmlCacheBehavior [ RunTime:0.000606s ]
INFO: [ app_begin ] --END-- [ RunTime:0.000660s ]
ERR: 非法操作:teacher

[ 2016-10-29T11:18:32+08:00 ] ::1 /education/index.php/Home/Admin/readallitem.html
INFO: [ app_init ] --START--
INFO: Run Behavior\BuildLiteBehavior [ RunTime:0.000014s ]
INFO: [ app_init ] --END-- [ RunTime:0.000510s ]
INFO: [ app_begin ] --START--
INFO: Run Behavior\ReadHtmlCacheBehavior [ RunTime:0.000664s ]
INFO: [ app_begin ] --END-- [ RunTime:0.000754s ]
SQL: SHOW COLUMNS FROM `items` [ RunTime:0.0159s ]
NOTIC: [8] Undefined variable: condition F:\phpStudy\WWW\education\Application\Home\Controller\AdminController.class.php 第 40 行.
SQL: SELECT * FROM `items` ORDER BY name DESC LIMIT 0,20   [ RunTime:0.0005s ]
NOTIC: [8] Undefined variable: condition F:\phpStudy\WWW\education\Application\Home\Controller\AdminController.class.php 第 43 行.
SQL: SELECT COUNT(*) AS tp_count FROM `items` LIMIT 1   [ RunTime:0.0002s ]
INFO: [ app_end ] --START--
INFO: Run Behavior\ShowPageTraceBehavior [ RunTime:0.000659s ]
INFO: [ app_end ] --END-- [ RunTime:0.000701s ]

[ 2016-10-29T11:18:34+08:00 ] ::1 /education/index.php/Home/Admin/readallitem.html
INFO: [ app_init ] --START--
INFO: Run Behavior\BuildLiteBehavior [ RunTime:0.000010s ]
INFO: [ app_init ] --END-- [ RunTime:0.000331s ]
INFO: [ app_begin ] --START--
INFO: Run Behavior\ReadHtmlCacheBehavior [ RunTime:0.000396s ]
INFO: [ app_begin ] --END-- [ RunTime:0.000431s ]
SQL: SHOW COLUMNS FROM `items` [ RunTime:0.0137s ]
NOTIC: [8] Undefined variable: condition F:\phpStudy\WWW\education\Application\Home\Controller\AdminController.class.php 第 40 行.
SQL: SELECT * FROM `items` ORDER BY name DESC LIMIT 0,30   [ RunTime:0.0004s ]
NOTIC: [8] Undefined variable: condition F:\phpStudy\WWW\education\Application\Home\Controller\AdminController.class.php 第 43 行.
SQL: SELECT COUNT(*) AS tp_count FROM `items` LIMIT 1   [ RunTime:0.0002s ]
INFO: [ app_end ] --START--
INFO: Run Behavior\ShowPageTraceBehavior [ RunTime:0.000727s ]
INFO: [ app_end ] --END-- [ RunTime:0.000774s ]

[ 2016-10-29T11:18:35+08:00 ] ::1 /education/index.php/Home/Admin/readallitem.html
INFO: [ app_init ] --START--
INFO: Run Behavior\BuildLiteBehavior [ RunTime:0.000008s ]
INFO: [ app_init ] --END-- [ RunTime:0.000305s ]
INFO: [ app_begin ] --START--
INFO: Run Behavior\ReadHtmlCacheBehavior [ RunTime:0.000587s ]
INFO: [ app_begin ] --END-- [ RunTime:0.000642s ]
SQL: SHOW COLUMNS FROM `items` [ RunTime:0.0186s ]
NOTIC: [8] Undefined variable: condition F:\phpStudy\WWW\education\Application\Home\Controller\AdminController.class.php 第 40 行.
SQL: SELECT * FROM `items` ORDER BY name DESC LIMIT 0,10   [ RunTime:0.0006s ]
NOTIC: [8] Undefined variable: condition F:\phpStudy\WWW\education\Application\Home\Controller\AdminController.class.php 第 43 行.
SQL: SELECT COUNT(*) AS tp_count FROM `items` LIMIT 1   [ RunTime:0.0003s ]
INFO: [ app_end ] --START--
INFO: Run Behavior\ShowPageTraceBehavior [ RunTime:0.000719s ]
INFO: [ app_end ] --END-- [ RunTime:0.000774s ]

